{"C:\\Users\\marta\\eclipse-workspace\\greenLeaf\\app.js":{"path":"C:\\Users\\marta\\eclipse-workspace\\greenLeaf\\app.js","s":{"1":1,"2":1,"3":1,"4":1,"5":1,"6":1,"7":1,"8":1,"9":1,"10":1,"11":1,"12":1,"13":1,"14":1,"15":1,"16":1,"17":1,"18":1,"19":9,"20":9,"21":1,"22":1,"23":1,"24":0,"25":1,"26":0,"27":1,"28":0,"29":1,"30":1,"31":1,"32":1,"33":1,"34":1,"35":0,"36":1},"b":{"1":[0,1]},"f":{"1":9,"2":1,"3":0,"4":0,"5":0},"fnMap":{"1":{"name":"(anonymous_1)","line":27,"loc":{"start":{"line":27,"column":11},"end":{"line":27,"column":35}}},"2":{"name":"(anonymous_2)","line":32,"loc":{"start":{"line":32,"column":28},"end":{"line":32,"column":48}}},"3":{"name":"(anonymous_3)","line":36,"loc":{"start":{"line":36,"column":16},"end":{"line":36,"column":36}}},"4":{"name":"(anonymous_4)","line":40,"loc":{"start":{"line":40,"column":21},"end":{"line":40,"column":41}}},"5":{"name":"(anonymous_5)","line":44,"loc":{"start":{"line":44,"column":21},"end":{"line":44,"column":41}}}},"statementMap":{"1":{"start":{"line":1,"column":0},"end":{"line":1,"column":31}},"2":{"start":{"line":2,"column":0},"end":{"line":2,"column":38}},"3":{"start":{"line":3,"column":0},"end":{"line":3,"column":45}},"4":{"start":{"line":4,"column":0},"end":{"line":4,"column":41}},"5":{"start":{"line":5,"column":0},"end":{"line":5,"column":50}},"6":{"start":{"line":6,"column":0},"end":{"line":6,"column":20}},"7":{"start":{"line":7,"column":0},"end":{"line":7,"column":30}},"8":{"start":{"line":9,"column":0},"end":{"line":9,"column":33}},"9":{"start":{"line":10,"column":0},"end":{"line":10,"column":83}},"10":{"start":{"line":11,"column":0},"end":{"line":11,"column":75}},"11":{"start":{"line":13,"column":0},"end":{"line":13,"column":30}},"12":{"start":{"line":15,"column":0},"end":{"line":15,"column":48}},"13":{"start":{"line":16,"column":0},"end":{"line":16,"column":27}},"14":{"start":{"line":17,"column":0},"end":{"line":17,"column":51}},"15":{"start":{"line":18,"column":0},"end":{"line":18,"column":45}},"16":{"start":{"line":19,"column":0},"end":{"line":19,"column":21}},"17":{"start":{"line":20,"column":0},"end":{"line":25,"column":5}},"18":{"start":{"line":27,"column":0},"end":{"line":30,"column":4}},"19":{"start":{"line":28,"column":3},"end":{"line":28,"column":33}},"20":{"start":{"line":29,"column":3},"end":{"line":29,"column":10}},"21":{"start":{"line":32,"column":0},"end":{"line":34,"column":3}},"22":{"start":{"line":33,"column":1},"end":{"line":33,"column":34}},"23":{"start":{"line":36,"column":0},"end":{"line":38,"column":3}},"24":{"start":{"line":37,"column":1},"end":{"line":37,"column":37}},"25":{"start":{"line":40,"column":0},"end":{"line":42,"column":3}},"26":{"start":{"line":41,"column":1},"end":{"line":41,"column":34}},"27":{"start":{"line":44,"column":0},"end":{"line":46,"column":3}},"28":{"start":{"line":45,"column":1},"end":{"line":45,"column":34}},"29":{"start":{"line":48,"column":0},"end":{"line":48,"column":20}},"30":{"start":{"line":51,"column":0},"end":{"line":51,"column":54}},"31":{"start":{"line":52,"column":0},"end":{"line":52,"column":52}},"32":{"start":{"line":54,"column":0},"end":{"line":54,"column":80}},"33":{"start":{"line":55,"column":0},"end":{"line":55,"column":85}},"34":{"start":{"line":57,"column":0},"end":{"line":61,"column":1}},"35":{"start":{"line":58,"column":0},"end":{"line":58,"column":17}},"36":{"start":{"line":60,"column":0},"end":{"line":60,"column":17}}},"branchMap":{"1":{"line":57,"type":"if","locations":[{"start":{"line":57,"column":0},"end":{"line":57,"column":0}},{"start":{"line":57,"column":0},"end":{"line":57,"column":0}}]}}},"C:\\Users\\marta\\eclipse-workspace\\greenLeaf\\server\\dbconnection.js":{"path":"C:\\Users\\marta\\eclipse-workspace\\greenLeaf\\server\\dbconnection.js","s":{"1":1,"2":1,"3":1,"4":1,"5":1,"6":0,"7":1},"b":{"1":[1,0]},"f":{"1":1},"fnMap":{"1":{"name":"(anonymous_1)","line":11,"loc":{"start":{"line":11,"column":19},"end":{"line":11,"column":32}}}},"statementMap":{"1":{"start":{"line":4,"column":0},"end":{"line":4,"column":34}},"2":{"start":{"line":5,"column":0},"end":{"line":10,"column":3}},"3":{"start":{"line":11,"column":0},"end":{"line":17,"column":3}},"4":{"start":{"line":12,"column":0},"end":{"line":16,"column":1}},"5":{"start":{"line":13,"column":4},"end":{"line":13,"column":41}},"6":{"start":{"line":15,"column":4},"end":{"line":15,"column":56}},"7":{"start":{"line":18,"column":0},"end":{"line":18,"column":28}}},"branchMap":{"1":{"line":12,"type":"if","locations":[{"start":{"line":12,"column":0},"end":{"line":12,"column":0}},{"start":{"line":12,"column":0},"end":{"line":12,"column":0}}]}}},"C:\\Users\\marta\\eclipse-workspace\\greenLeaf\\server\\controllers\\authenticate-controller.js":{"path":"C:\\Users\\marta\\eclipse-workspace\\greenLeaf\\server\\controllers\\authenticate-controller.js","s":{"1":1,"2":1,"3":3,"4":3,"5":3,"6":3,"7":3,"8":0,"9":0,"10":0,"11":0,"12":3,"13":2,"14":1,"15":1,"16":1,"17":1,"18":1,"19":1,"20":1,"21":1,"22":1,"23":1,"24":1,"25":0},"b":{"1":[0,3],"2":[2,1],"3":[1,1]},"f":{"1":3,"2":3,"3":0},"fnMap":{"1":{"name":"(anonymous_1)","line":3,"loc":{"start":{"line":3,"column":21},"end":{"line":3,"column":38}}},"2":{"name":"(anonymous_2)","line":9,"loc":{"start":{"line":9,"column":73},"end":{"line":9,"column":107}}},"3":{"name":"(anonymous_3)","line":37,"loc":{"start":{"line":37,"column":29},"end":{"line":37,"column":48}}}},"statementMap":{"1":{"start":{"line":1,"column":0},"end":{"line":1,"column":46}},"2":{"start":{"line":3,"column":0},"end":{"line":36,"column":2}},"3":{"start":{"line":4,"column":1},"end":{"line":4,"column":27}},"4":{"start":{"line":5,"column":4},"end":{"line":5,"column":34}},"5":{"start":{"line":6,"column":4},"end":{"line":6,"column":40}},"6":{"start":{"line":9,"column":4},"end":{"line":35,"column":7}},"7":{"start":{"line":10,"column":6},"end":{"line":34,"column":7}},"8":{"start":{"line":11,"column":7},"end":{"line":11,"column":23}},"9":{"start":{"line":12,"column":4},"end":{"line":12,"column":51}},"10":{"start":{"line":13,"column":4},"end":{"line":13,"column":23}},"11":{"start":{"line":14,"column":4},"end":{"line":14,"column":11}},"12":{"start":{"line":17,"column":8},"end":{"line":33,"column":9}},"13":{"start":{"line":18,"column":12},"end":{"line":27,"column":13}},"14":{"start":{"line":19,"column":13},"end":{"line":19,"column":43}},"15":{"start":{"line":20,"column":13},"end":{"line":20,"column":55}},"16":{"start":{"line":21,"column":4},"end":{"line":21,"column":26}},"17":{"start":{"line":22,"column":4},"end":{"line":22,"column":11}},"18":{"start":{"line":24,"column":13},"end":{"line":24,"column":35}},"19":{"start":{"line":25,"column":13},"end":{"line":25,"column":60}},"20":{"start":{"line":26,"column":13},"end":{"line":26,"column":20}},"21":{"start":{"line":30,"column":9},"end":{"line":30,"column":31}},"22":{"start":{"line":31,"column":9},"end":{"line":31,"column":44}},"23":{"start":{"line":32,"column":9},"end":{"line":32,"column":16}},"24":{"start":{"line":37,"column":0},"end":{"line":39,"column":2}},"25":{"start":{"line":38,"column":1},"end":{"line":38,"column":32}}},"branchMap":{"1":{"line":10,"type":"if","locations":[{"start":{"line":10,"column":6},"end":{"line":10,"column":6}},{"start":{"line":10,"column":6},"end":{"line":10,"column":6}}]},"2":{"line":17,"type":"if","locations":[{"start":{"line":17,"column":8},"end":{"line":17,"column":8}},{"start":{"line":17,"column":8},"end":{"line":17,"column":8}}]},"3":{"line":18,"type":"if","locations":[{"start":{"line":18,"column":12},"end":{"line":18,"column":12}},{"start":{"line":18,"column":12},"end":{"line":18,"column":12}}]}}},"C:\\Users\\marta\\eclipse-workspace\\greenLeaf\\server\\controllers\\register-controller.js":{"path":"C:\\Users\\marta\\eclipse-workspace\\greenLeaf\\server\\controllers\\register-controller.js","s":{"1":1,"2":1,"3":1,"4":4,"5":4,"6":4,"7":4,"8":4,"9":4,"10":4,"11":2,"12":2,"13":2,"14":2,"15":2,"16":1,"17":1,"18":1,"19":1,"20":1,"21":1,"22":1,"23":1,"24":0},"b":{"1":[2,2],"2":[1,1]},"f":{"1":4,"2":2,"3":0},"fnMap":{"1":{"name":"(anonymous_1)","line":4,"loc":{"start":{"line":4,"column":26},"end":{"line":4,"column":45}}},"2":{"name":"(anonymous_2)","line":24,"loc":{"start":{"line":24,"column":4},"end":{"line":24,"column":26}}},"3":{"name":"(anonymous_3)","line":37,"loc":{"start":{"line":37,"column":32},"end":{"line":37,"column":51}}}},"statementMap":{"1":{"start":{"line":1,"column":0},"end":{"line":1,"column":33}},"2":{"start":{"line":2,"column":0},"end":{"line":2,"column":46}},"3":{"start":{"line":4,"column":0},"end":{"line":36,"column":4}},"4":{"start":{"line":5,"column":1},"end":{"line":5,"column":33}},"5":{"start":{"line":6,"column":1},"end":{"line":6,"column":39}},"6":{"start":{"line":8,"column":1},"end":{"line":12,"column":3}},"7":{"start":{"line":14,"column":1},"end":{"line":14,"column":82}},"8":{"start":{"line":15,"column":1},"end":{"line":15,"column":69}},"9":{"start":{"line":17,"column":1},"end":{"line":17,"column":37}},"10":{"start":{"line":18,"column":1},"end":{"line":36,"column":2}},"11":{"start":{"line":19,"column":2},"end":{"line":19,"column":42}},"12":{"start":{"line":20,"column":2},"end":{"line":20,"column":31}},"13":{"start":{"line":21,"column":8},"end":{"line":21,"column":15}},"14":{"start":{"line":23,"column":2},"end":{"line":35,"column":7}},"15":{"start":{"line":25,"column":5},"end":{"line":34,"column":7}},"16":{"start":{"line":26,"column":6},"end":{"line":26,"column":36}},"17":{"start":{"line":27,"column":6},"end":{"line":27,"column":53}},"18":{"start":{"line":28,"column":6},"end":{"line":28,"column":25}},"19":{"start":{"line":29,"column":6},"end":{"line":29,"column":13}},"20":{"start":{"line":31,"column":6},"end":{"line":31,"column":28}},"21":{"start":{"line":32,"column":6},"end":{"line":32,"column":49}},"22":{"start":{"line":33,"column":6},"end":{"line":33,"column":13}},"23":{"start":{"line":37,"column":0},"end":{"line":39,"column":2}},"24":{"start":{"line":38,"column":1},"end":{"line":38,"column":32}}},"branchMap":{"1":{"line":18,"type":"if","locations":[{"start":{"line":18,"column":1},"end":{"line":18,"column":1}},{"start":{"line":18,"column":1},"end":{"line":18,"column":1}}]},"2":{"line":25,"type":"if","locations":[{"start":{"line":25,"column":5},"end":{"line":25,"column":5}},{"start":{"line":25,"column":5},"end":{"line":25,"column":5}}]}}}}